2026-05-16 06:40:38,152 Loading model seed=43
2026-05-16 06:40:43,865 Loading AMES + Kazius alerts
2026-05-16 06:40:43,997 Note: detected 96 virtual cores but NumExpr set to maximum of 64, check "NUMEXPR_MAX_THREADS" environment variable.
2026-05-16 06:40:43,997 Note: NumExpr detected 96 cores but "NUMEXPR_MAX_THREADS" not set, so enforcing safe limit of 8.
2026-05-16 06:40:43,997 NumExpr defaulting to 8 threads.
2026-05-16 06:40:47,811 loaded 29 Kazius toxicophores
2026-05-16 06:40:50,015 encoded 729 test mols
2026-05-16 06:40:50,513 Alerts hit in test set: [('aromatic_nitro', 38), ('aromatic_amine', 92), ('aromatic_azo', 12), ('nitrosamine', 7), ('aliphatic_halide', 15), ('halogenated_aromatic', 12), ('halogen_rich', 2), ('polycyclic_aromatic', 81), ('epoxide', 71), ('aziridine', 17)]
2026-05-16 06:40:50,514 Collecting firing clauses per molecule...
2026-05-16 06:40:50,514   0 / 729
2026-05-16 06:40:52,546   100 / 729
2026-05-16 06:40:54,771   200 / 729
2026-05-16 06:40:57,262   300 / 729
2026-05-16 06:40:59,290   400 / 729
2026-05-16 06:41:01,207   500 / 729
2026-05-16 06:41:03,177   600 / 729
2026-05-16 06:41:05,400   700 / 729
2026-05-16 06:41:06,641 === KAZIUS COVERAGE ===
2026-05-16 06:41:06,641 Alerts present in test set: 21 / 29
2026-05-16 06:41:06,641 Alerts COVERED by ≥1 clause (≥50% co-fire): 21 / 21
2026-05-16 06:41:06,641   aliphatic_aldehyde : top clauses [(1, 8, 8, 636), (2, 8, 8, 726), (3, 8, 8, 729)]
2026-05-16 06:41:06,641   aliphatic_halide : top clauses [(0, 10, 15, 134), (1, 13, 15, 636), (2, 15, 15, 726)]
2026-05-16 06:41:06,641   alpha_beta_unsat_carbonyl : top clauses [(1, 48, 48, 636), (2, 48, 48, 726), (3, 48, 48, 729)]
2026-05-16 06:41:06,641   aromatic_amine : top clauses [(1, 92, 92, 636), (2, 92, 92, 726), (3, 92, 92, 729)]
2026-05-16 06:41:06,641   aromatic_azo : top clauses [(0, 8, 12, 134), (1, 12, 12, 636), (2, 12, 12, 726)]
2026-05-16 06:41:06,641   aromatic_nitro : top clauses [(0, 33, 38, 134), (1, 38, 38, 636), (2, 38, 38, 726)]
2026-05-16 06:41:06,641   azide : top clauses [(1, 3, 3, 636), (2, 3, 3, 726), (3, 3, 3, 729)]
2026-05-16 06:41:06,641   aziridine : top clauses [(1, 17, 17, 636), (2, 17, 17, 726), (3, 17, 17, 729)]
2026-05-16 06:41:06,641   bay_region_PAH : top clauses [(1, 7, 14, 636), (2, 14, 14, 726), (3, 14, 14, 729)]
2026-05-16 06:41:06,641   carbamate : top clauses [(1, 6, 6, 636), (2, 6, 6, 726), (3, 6, 6, 729)]
2026-05-16 06:41:06,641   epoxide : top clauses [(1, 56, 71, 636), (2, 71, 71, 726), (3, 71, 71, 729)]
2026-05-16 06:41:06,641   halogen_rich : top clauses [(1, 2, 2, 636), (2, 2, 2, 726), (3, 2, 2, 729)]
2026-05-16 06:41:06,641   halogenated_aromatic : top clauses [(1, 12, 12, 636), (2, 12, 12, 726), (3, 12, 12, 729)]
2026-05-16 06:41:06,641   hydrazine : top clauses [(0, 1, 3, 134), (1, 3, 3, 636), (2, 3, 3, 726)]
2026-05-16 06:41:06,641   large_hydrophobic_w_heteroatom : top clauses [(1, 376, 411, 636), (2, 411, 411, 726), (3, 411, 411, 729)]
2026-05-16 06:41:06,642   nitro_aromatic_ring_fused : top clauses [(0, 4, 4, 134), (1, 4, 4, 636), (2, 4, 4, 726)]
2026-05-16 06:41:06,642   nitrosamine : top clauses [(1, 4, 7, 636), (2, 7, 7, 726), (3, 7, 7, 729)]
2026-05-16 06:41:06,642   phosphonate_ester : top clauses [(1, 2, 2, 636), (2, 2, 2, 726), (3, 2, 2, 729)]
2026-05-16 06:41:06,642   polycyclic_aromatic : top clauses [(1, 50, 81, 636), (2, 81, 81, 726), (3, 81, 81, 729)]
2026-05-16 06:41:06,642   pure_hydrocarbon : top clauses [(1, 555, 634, 636), (2, 633, 634, 726), (3, 634, 634, 729)]
2026-05-16 06:41:06,642   sulfonate_ester : top clauses [(1, 3, 3, 636), (2, 3, 3, 726), (3, 3, 3, 729)]
2026-05-16 06:41:06,643 Wrote /home/anward/project/graphtm-cbr/results/kazius_coverage_distilled_seed43_1778913666.json
